This is TeX, Version 3.14159 (MiKTeX 1.20d) (preloaded format=plain 2000.1.12)  13 SEP 2000 16:09
**soul.ins
(soul.ins (D:\texmf\tex\latex\base\docstrip.tex
\blockLevel=\count26
\emptyLines=\count27
\processedLines=\count28
\commentsRemoved=\count29
\commentsPassed=\count30
\codeLinesPassed=\count31
\TotalprocessedLines=\count32
\TotalcommentsRemoved=\count33
\TotalcommentsPassed=\count34
\TotalcodeLinesPassed=\count35
\NumberOfFiles=\count36
\inFile=\read0
\inputcheck=\read1
\@tempcnta=\count37
\off@0=\count38
\off@1=\count39
\off@2=\count40
\off@3=\count41
\off@4=\count42
\off@5=\count43
\off@6=\count44
\off@7=\count45
\off@8=\count46
\off@9=\count47
\off@10=\count48
\off@11=\count49
\off@12=\count50
\off@13=\count51
\off@14=\count52
\off@15=\count53
\@temptokena=\toks12
\@maxfiles=\count54
\@maxoutfiles=\count55

Utility: `docstrip' 2.5b <1998/04/28>
English documentation    <1998/04/03>

**********************************************************
* This program converts documented macro-files into fast *
* loadable files by stripping off (nearly) all comments! *
**********************************************************

********************************************************
* No Configuration file found, using default settings. *
********************************************************

(soul.ins

Generating file(s) soul.sty 

Processing file soul.dtx (package) -> soul.sty
File soul.dtx ended by \endinput.
Lines  processed: 2130
Comments removed: 1681
Comments  passed: 30
Codelines passed: 415

 ) ) )
No pages of output.
