\BOOKMARK [1][-]{section.1}{\376\377\000I\000n\000t\000r\000o\000d\000u\000c\000t\000i\000o\000n}{}% 1
\BOOKMARK [1][-]{section.2}{\376\377\000L\000a\000y\000o\000u\000t\000s}{}% 2
\BOOKMARK [1][-]{section.3}{\376\377\000B\000a\000s\000i\000c\000\040\000U\000s\000a\000g\000e}{}% 3
\BOOKMARK [2][-]{subsection.3.1}{\376\377\000C\000o\000n\000v\000e\000n\000i\000e\000n\000c\000e\000\040\000M\000a\000c\000r\000o\000s\000\040\000f\000o\000r\000\040\000P\000o\000s\000i\000t\000i\000o\000n\000i\000n\000g\000\040\000T\000e\000x\000t\000\040\000a\000n\000d\000\040\000P\000i\000c\000t\000u\000r\000e\000s\000\040\000F\000r\000e\000e\000l\000y}{section.3}% 4
\BOOKMARK [2][-]{subsection.3.2}{\376\377\000F\000u\000r\000t\000h\000e\000r\000\040\000C\000o\000n\000v\000e\000n\000i\000e\000n\000c\000e\000\040\000M\000a\000c\000r\000o\000s\000\040\000f\000o\000r\000\040\000P\000o\000s\000i\000t\000i\000o\000n\000i\000n\000g\000\040\000T\000e\000x\000t\000\040\000a\000n\000d\000\040\000P\000i\000c\000t\000u\000r\000e\000s}{section.3}% 5
\BOOKMARK [2][-]{subsection.3.3}{\376\377\000T\000h\000e\000\040\000F\000o\000o\000t\000\040\000L\000i\000n\000e}{section.3}% 6
\BOOKMARK [2][-]{subsection.3.4}{\376\377\000L\000e\000n\000g\000t\000h\000s}{section.3}% 7
\BOOKMARK [2][-]{subsection.3.5}{\376\377\000G\000r\000a\000p\000h\000i\000c\000s\000\040\000I\000n\000c\000l\000u\000s\000i\000o\000n}{section.3}% 8
\BOOKMARK [2][-]{subsection.3.6}{\376\377\000A\000n\000i\000m\000a\000t\000i\000o\000n}{section.3}% 9
\BOOKMARK [2][-]{subsection.3.7}{\376\377\000H\000y\000p\000e\000r\000l\000i\000n\000k\000s}{section.3}% 10
\BOOKMARK [2][-]{subsection.3.8}{\376\377\000P\000a\000c\000k\000a\000g\000e\000s}{section.3}% 11
\BOOKMARK [1][-]{section.4}{\376\377\000L\000a\000y\000o\000u\000t\000-\000D\000e\000p\000e\000n\000d\000e\000n\000t\000\040\000B\000e\000h\000a\000v\000i\000o\000r}{}% 12
\BOOKMARK [2][-]{subsection.4.1}{\376\377\000O\000p\000t\000i\000o\000n\000a\000l\000\040\000a\000r\000g\000u\000m\000e\000n\000t\000\040\000o\000f\000\040\000t\000i\000t\000l\000e\000s\000l\000i\000d\000e\000\040\000c\000o\000m\000m\000a\000n\000d}{section.4}% 13
\BOOKMARK [2][-]{subsection.4.2}{\376\377\000P\000a\000g\000e\000\040\000f\000o\000r\000m\000a\000t\000s}{section.4}% 14
\BOOKMARK [2][-]{subsection.4.3}{\376\377\000A\000d\000d\000i\000t\000i\000o\000n\000a\000l\000\040\000f\000o\000n\000t\000s}{section.4}% 15
\BOOKMARK [2][-]{subsection.4.4}{\376\377\000C\000o\000l\000o\000r\000s}{section.4}% 16
\BOOKMARK [2][-]{subsection.4.5}{\376\377\000L\000a\000y\000o\000u\000t\000-\000s\000p\000e\000c\000i\000f\000i\000c\000\040\000c\000o\000n\000v\000e\000n\000i\000e\000n\000c\000e\000\040\000m\000a\000c\000r\000o\000s}{section.4}% 17
\BOOKMARK [1][-]{section.5}{\376\377\000F\000u\000r\000t\000h\000e\000r\000\040\000C\000a\000v\000e\000a\000t\000s}{}% 18
\BOOKMARK [1][-]{section.6}{\376\377\000R\000e\000l\000a\000t\000e\000d\000\040\000D\000o\000c\000u\000m\000e\000n\000t\000s}{}% 19
\BOOKMARK [1][-]{section.7}{\376\377\000L\000i\000c\000e\000n\000s\000e\000\040\000I\000s\000s\000u\000e\000s}{}% 20
\BOOKMARK [1][-]{appendix.A}{\376\377\000M\000a\000k\000i\000n\000g\000\040\000T\000r\000u\000e\000T\000y\000p\000e\000\040\000F\000o\000n\000t\000s\000\040\000U\000s\000a\000b\000l\000e\000\040\000f\000o\000r\000\040\000L\000a\000T\000e\000X\000\040\000a\000n\000d\000\040\000P\000D\000F\000L\000a\000T\000e\000X}{}% 21
